{
  "RSpec": {
    "coverage": {
      "/home/dell/Documents/bookstore/app/controllers/carts_controller.rb": [
        null,
        null,
        1,
        1,
        20,
        20,
        20,
        20,
        null,
        null,
        1,
        2,
        2,
        1,
        null,
        1,
        null,
        2,
        null,
        null
      ],
      "/home/dell/Documents/bookstore/app/models/order_item.rb": [
        null,
        null,
        1,
        1,
        1,
        null,
        21,
        null
      ],
      "/home/dell/Documents/bookstore/app/models/coupon.rb": [
        null,
        null,
        1,
        1,
        null,
        1,
        1,
        null
      ],
      "/home/dell/Documents/bookstore/app/models/delivery.rb": [
        null,
        null,
        1,
        null
      ],
      "/home/dell/Documents/bookstore/app/controllers/order_items_controller.rb": [
        null,
        null,
        1,
        1,
        1,
        null,
        1,
        0,
        0,
        0,
        null,
        null,
        1,
        7,
        7,
        null,
        7,
        null,
        7,
        null,
        null,
        1,
        1,
        1,
        null,
        null,
        1,
        null,
        1,
        8,
        null,
        null,
        1,
        9,
        null,
        null
      ],
      "/home/dell/Documents/bookstore/app/models/ability.rb": [
        null,
        null,
        1,
        1,
        null,
        1,
        10,
        10,
        0,
        10,
        10,
        10,
        10,
        10,
        10,
        10,
        10,
        null,
        0,
        0,
        0,
        0,
        null,
        null,
        null
      ],
      "/home/dell/Documents/bookstore/app/models/address.rb": [
        null,
        null,
        1,
        1,
        null,
        null,
        null,
        null,
        null,
        1,
        null,
        null,
        null,
        null,
        null,
        null,
        1,
        null,
        null,
        null,
        null,
        null,
        1,
        null,
        null,
        null,
        null,
        null,
        1,
        0,
        0,
        null,
        null
      ],
      "/home/dell/Documents/bookstore/app/controllers/books_controller.rb": [
        null,
        null,
        1,
        1,
        null,
        1,
        null,
        1,
        0,
        0,
        0,
        null,
        0,
        null,
        null,
        null,
        1,
        2,
        2,
        2,
        null,
        null
      ],
      "/home/dell/Documents/bookstore/app/models/book_author.rb": [
        null,
        null,
        1,
        1,
        1,
        null
      ],
      "/home/dell/Documents/bookstore/app/controllers/checkout_controller.rb": [
        null,
        null,
        1,
        1,
        null,
        1,
        null,
        1,
        2,
        null,
        2,
        0,
        null,
        2,
        null,
        null,
        2,
        null,
        null,
        1,
        0,
        null,
        0,
        null,
        null,
        1,
        null,
        1,
        2,
        2,
        null,
        1,
        null,
        null,
        1,
        1,
        null,
        null,
        1,
        1,
        null,
        null,
        1,
        0,
        null,
        null
      ],
      "/home/dell/Documents/bookstore/app/services/checkout/complete_service.rb": [
        null,
        null,
        1,
        1,
        1,
        1,
        null,
        null,
        1,
        1,
        1,
        0,
        0,
        0,
        0,
        null,
        null,
        null,
        1,
        1,
        null,
        null,
        1,
        0,
        null,
        null,
        1,
        0,
        null,
        null,
        1,
        0,
        null,
        null,
        1,
        0,
        null,
        null
      ],
      "/home/dell/Documents/bookstore/app/services/checkout/show_manager_service.rb": [
        null,
        null,
        1,
        1,
        null,
        1,
        1,
        1,
        null,
        null,
        1,
        1,
        1,
        0,
        0,
        0,
        0,
        null,
        null,
        null,
        1,
        1,
        1,
        1,
        null,
        null,
        1,
        0,
        null,
        null,
        1,
        0,
        null,
        null,
        1,
        0,
        0,
        0,
        0,
        null,
        null,
        1,
        0,
        null,
        null,
        1,
        null,
        1,
        0,
        null,
        null,
        1,
        1,
        null,
        null,
        1,
        1,
        null,
        null
      ]
    },
    "timestamp": 1574784877
  }
}
