{
  "RSpec": {
    "coverage": {
      "/home/dell/Documents/bookstore/app/controllers/addresses_controller.rb": [
        null,
        null,
        1,
        1,
        null,
        1,
        null,
        1,
        null,
        1,
        7,
        7,
        7,
        7,
        null,
        null,
        1,
        null,
        1,
        46,
        null,
        null,
        1,
        16,
        16,
        null,
        null,
        1,
        16,
        null,
        14,
        null,
        null,
        1,
        16,
        null,
        15,
        null,
        null,
        1,
        3,
        null,
        null,
        null
      ],
      "/home/dell/Documents/bookstore/app/controllers/books_controller.rb": [
        null,
        null,
        1,
        1,
        null,
        1,
        null,
        1,
        4,
        4,
        4,
        null,
        4,
        null,
        null,
        null,
        1,
        15,
        15,
        15,
        null,
        null
      ],
      "/home/dell/Documents/bookstore/app/controllers/carts_controller.rb": [
        null,
        null,
        1,
        1,
        47,
        47,
        47,
        47,
        null,
        null,
        1,
        6,
        6,
        2,
        null,
        4,
        null,
        6,
        null,
        null
      ],
      "/home/dell/Documents/bookstore/app/controllers/checkout_controller.rb": [
        null,
        null,
        1,
        1,
        null,
        1,
        null,
        1,
        18,
        null,
        18,
        0,
        null,
        18,
        null,
        null,
        18,
        null,
        null,
        1,
        10,
        null,
        10,
        null,
        null,
        1,
        null,
        1,
        18,
        11,
        null,
        7,
        null,
        null,
        14,
        14,
        null,
        null,
        1,
        7,
        null,
        null,
        1,
        10,
        null,
        null
      ],
      "/home/dell/Documents/bookstore/app/controllers/home_controller.rb": [
        null,
        null,
        null,
        1,
        1,
        16,
        16,
        16,
        null,
        null,
        null
      ],
      "/home/dell/Documents/bookstore/app/controllers/order_items_controller.rb": [
        null,
        null,
        1,
        1,
        1,
        null,
        1,
        4,
        4,
        4,
        null,
        null,
        1,
        14,
        14,
        null,
        14,
        null,
        14,
        null,
        null,
        1,
        2,
        2,
        null,
        null,
        1,
        null,
        1,
        16,
        null,
        null,
        1,
        26,
        null,
        null
      ],
      "/home/dell/Documents/bookstore/app/controllers/reviews_controller.rb": [
        null,
        null,
        1,
        1,
        1,
        6,
        null,
        6,
        4,
        null,
        2,
        null,
        null,
        6,
        null,
        null,
        1,
        null,
        1,
        6,
        null,
        null,
        1,
        6,
        null,
        null
      ],
      "/home/dell/Documents/bookstore/app/controllers/users_controller.rb": [
        null,
        null,
        1,
        1,
        1,
        null,
        1,
        null,
        1,
        4,
        3,
        3,
        null,
        1,
        1,
        null,
        null,
        null,
        1,
        4,
        4,
        3,
        null,
        1,
        null,
        4,
        null,
        null,
        1,
        null,
        1,
        4,
        null,
        null,
        1,
        4,
        null,
        null,
        1,
        15,
        null,
        null
      ],
      "/home/dell/Documents/bookstore/app/models/address.rb": [
        null,
        null,
        1,
        1,
        null,
        null,
        null,
        null,
        null,
        1,
        null,
        null,
        null,
        null,
        null,
        null,
        1,
        null,
        null,
        null,
        null,
        null,
        1,
        null,
        null,
        null,
        null,
        null,
        1,
        3,
        3,
        null,
        null
      ],
      "/home/dell/Documents/bookstore/app/models/book_author.rb": [
        null,
        null,
        1,
        1,
        1,
        null
      ],
      "/home/dell/Documents/bookstore/app/models/card.rb": [
        null,
        null,
        1,
        1,
        null,
        1,
        null,
        1,
        1,
        1,
        1,
        null,
        1,
        1,
        null
      ],
      "/home/dell/Documents/bookstore/app/models/coupon.rb": [
        null,
        null,
        1,
        1,
        null,
        2,
        2,
        null
      ],
      "/home/dell/Documents/bookstore/app/models/delivery.rb": [
        null,
        null,
        1,
        null
      ],
      "/home/dell/Documents/bookstore/app/models/order_item.rb": [
        null,
        null,
        1,
        1,
        1,
        null,
        49,
        null
      ],
      "/home/dell/Documents/bookstore/app/queries/newest_books_query.rb": [
        null,
        null,
        1,
        1,
        17,
        null,
        null,
        1,
        17,
        null,
        null,
        1,
        17,
        null,
        null,
        1,
        null,
        1,
        null
      ],
      "/home/dell/Documents/bookstore/app/queries/sorter_books_query.rb": [
        null,
        null,
        1,
        1,
        6,
        6,
        null,
        null,
        1,
        6,
        6,
        null,
        6,
        null,
        null,
        1,
        null,
        1,
        null,
        1,
        8,
        null,
        null
      ],
      "/home/dell/Documents/bookstore/app/services/checkout/complete_service.rb": [
        null,
        null,
        1,
        1,
        12,
        12,
        null,
        null,
        1,
        12,
        4,
        2,
        2,
        2,
        2,
        null,
        null,
        null,
        1,
        4,
        null,
        null,
        1,
        2,
        null,
        null,
        1,
        2,
        null,
        null,
        1,
        2,
        null,
        null,
        1,
        2,
        null,
        null
      ],
      "/home/dell/Documents/bookstore/app/services/checkout/show_manager_service.rb": [
        null,
        null,
        1,
        1,
        null,
        1,
        19,
        19,
        null,
        null,
        1,
        19,
        5,
        3,
        4,
        2,
        3,
        null,
        null,
        null,
        1,
        5,
        5,
        5,
        null,
        null,
        1,
        3,
        null,
        null,
        1,
        4,
        null,
        null,
        1,
        2,
        2,
        2,
        2,
        null,
        null,
        1,
        3,
        null,
        null,
        1,
        null,
        1,
        4,
        null,
        null,
        1,
        5,
        null,
        null,
        1,
        5,
        null,
        null
      ],
      "/home/dell/Documents/bookstore/app/services/checkout/update_manager_service.rb": [
        null,
        null,
        1,
        1,
        14,
        14,
        14,
        null,
        null,
        1,
        14,
        4,
        3,
        3,
        3,
        null,
        null,
        null,
        1,
        4,
        4,
        4,
        null,
        null,
        1,
        3,
        null,
        null,
        1,
        3,
        null,
        null,
        1,
        3,
        3,
        3,
        null,
        null,
        1,
        null,
        1,
        4,
        0,
        null,
        4,
        null,
        null,
        null,
        1,
        4,
        null,
        null,
        1,
        4,
        null,
        null,
        1,
        0,
        null,
        null,
        1,
        0,
        null,
        null,
        1,
        8,
        null,
        null,
        null,
        1,
        4,
        null,
        null,
        1,
        3,
        null,
        null,
        1,
        3,
        null,
        null
      ],
      "/home/dell/Documents/bookstore/app/models/ability.rb": [
        null,
        null,
        1,
        1,
        null,
        1,
        61,
        61,
        0,
        61,
        52,
        52,
        52,
        52,
        52,
        52,
        52,
        null,
        9,
        9,
        9,
        9,
        null,
        null,
        null
      ],
      "/home/dell/Documents/bookstore/app/mailers/order_mailer.rb": [
        null,
        null,
        1,
        1,
        3,
        3,
        null,
        null
      ],
      "/home/dell/Documents/bookstore/app/mailers/application_mailer.rb": [
        null,
        null,
        1,
        1,
        1,
        null
      ],
      "/home/dell/Documents/bookstore/app/queries/top_books_query.rb": [
        null,
        null,
        1,
        1,
        16,
        null,
        null,
        null
      ],
      "/home/dell/Documents/bookstore/app/controllers/orders_controller.rb": [
        null,
        null,
        1,
        1,
        10,
        null,
        null,
        1,
        null,
        1,
        10,
        null,
        null
      ],
      "/home/dell/Documents/bookstore/app/queries/filter_statuses_query.rb": [
        null,
        null,
        1,
        1,
        10,
        10,
        10,
        null,
        null
      ]
    },
    "timestamp": 1574945799
  }
}
